{
  "stats": {
    "suites": 1,
    "tests": 18,
    "passes": 18,
    "pending": 0,
    "failures": 0,
    "start": "2023-06-30T08:37:36.741Z",
    "end": "2023-06-30T08:39:02.576Z",
    "duration": 85835,
    "testsRegistered": 18,
    "passPercent": 100,
    "pendingPercent": 0,
    "other": 0,
    "hasOther": false,
    "skipped": 0,
    "hasSkipped": false
  },
  "results": [
    {
      "uuid": "52ab3e7d-96d9-4080-97df-4a25ddf52953",
      "title": "",
      "fullFile": "cypress\\e2e\\AutomationPlayground\\AutomationPlayground.cy.ts",
      "file": "cypress\\e2e\\AutomationPlayground\\AutomationPlayground.cy.ts",
      "beforeHooks": [],
      "afterHooks": [],
      "tests": [],
      "suites": [
        {
          "uuid": "1e3a24bb-5f20-4236-8267-fce8a0d80086",
          "title": "Automation Playground",
          "fullFile": "",
          "file": "",
          "beforeHooks": [],
          "afterHooks": [],
          "tests": [
            {
              "title": "Test01: Dynamic ID",
              "fullTitle": "Automation Playground Test01: Dynamic ID",
              "timedOut": null,
              "duration": 1734,
              "state": "passed",
              "speed": "fast",
              "pass": true,
              "fail": false,
              "pending": false,
              "context": "{\n  \"title\": \"cypress-mochawesome-reporter-videos-passed\",\n  \"value\": \"cypress\\\\e2e\\\\AutomationPlayground\\\\AutomationPlayground.cy.ts\"\n}",
              "code": "cy.contains('Dynamic ID').click();\ncy.get('.btn-primary').should('have.text', 'Button with Dynamic ID');",
              "err": {},
              "uuid": "ba4bd342-e674-43ec-95a2-393c1e73f40e",
              "parentUUID": "1e3a24bb-5f20-4236-8267-fce8a0d80086",
              "isHook": false,
              "skipped": false
            },
            {
              "title": "Test02: Class Attribute",
              "fullTitle": "Automation Playground Test02: Class Attribute",
              "timedOut": null,
              "duration": 1137,
              "state": "passed",
              "speed": "fast",
              "pass": true,
              "fail": false,
              "pending": false,
              "context": "{\n  \"title\": \"cypress-mochawesome-reporter-videos-passed\",\n  \"value\": \"cypress\\\\e2e\\\\AutomationPlayground\\\\AutomationPlayground.cy.ts\"\n}",
              "code": "cy.contains('Class Attribute').click();\ncy.get('.btn-primary').click();\ncy.on('window:alert', (text) => {\n    expect(text).to.equal('Primary button pressed');\n});",
              "err": {},
              "uuid": "85a20245-e7e3-4e94-a083-482caadaa30e",
              "parentUUID": "1e3a24bb-5f20-4236-8267-fce8a0d80086",
              "isHook": false,
              "skipped": false
            },
            {
              "title": "Test03: Hidden Layers",
              "fullTitle": "Automation Playground Test03: Hidden Layers",
              "timedOut": null,
              "duration": 1084,
              "state": "passed",
              "speed": "fast",
              "pass": true,
              "fail": false,
              "pending": false,
              "context": "{\n  \"title\": \"cypress-mochawesome-reporter-videos-passed\",\n  \"value\": \"cypress\\\\e2e\\\\AutomationPlayground\\\\AutomationPlayground.cy.ts\"\n}",
              "code": "cy.contains('Hidden Layers').click();\ncy.get('#greenButton').click();\ncy.get('#greenButton').should('not.be', 'isClickable()');",
              "err": {},
              "uuid": "188c9065-ce5b-4f80-b52d-5efbf739e981",
              "parentUUID": "1e3a24bb-5f20-4236-8267-fce8a0d80086",
              "isHook": false,
              "skipped": false
            },
            {
              "title": "Test04: Load Delay",
              "fullTitle": "Automation Playground Test04: Load Delay",
              "timedOut": null,
              "duration": 6125,
              "state": "passed",
              "speed": "medium",
              "pass": true,
              "fail": false,
              "pending": false,
              "context": "{\n  \"title\": \"cypress-mochawesome-reporter-videos-passed\",\n  \"value\": \"cypress\\\\e2e\\\\AutomationPlayground\\\\AutomationPlayground.cy.ts\"\n}",
              "code": "cy.contains('Load Delay').click();\ncy.get('.btn-primary').should('have.text', 'Button Appearing After Delay');",
              "err": {},
              "uuid": "18bd0122-6dc8-4a02-a8cb-239ba6a45b67",
              "parentUUID": "1e3a24bb-5f20-4236-8267-fce8a0d80086",
              "isHook": false,
              "skipped": false
            },
            {
              "title": "Test05: AJAX Data",
              "fullTitle": "Automation Playground Test05: AJAX Data",
              "timedOut": null,
              "duration": 16567,
              "state": "passed",
              "speed": "slow",
              "pass": true,
              "fail": false,
              "pending": false,
              "context": "{\n  \"title\": \"cypress-mochawesome-reporter-videos-passed\",\n  \"value\": \"cypress\\\\e2e\\\\AutomationPlayground\\\\AutomationPlayground.cy.ts\"\n}",
              "code": "cy.contains('AJAX Data').click();\ncy.get('.btn-primary').click();\ncy.get('.bg-success', { timeout: 20000 }).should('have.text', 'Data loaded with AJAX get request.');",
              "err": {},
              "uuid": "8d5d4aae-12a4-42d9-b10b-b7bb5aa37bcc",
              "parentUUID": "1e3a24bb-5f20-4236-8267-fce8a0d80086",
              "isHook": false,
              "skipped": false
            },
            {
              "title": "Test06: Client Side Delay",
              "fullTitle": "Automation Playground Test06: Client Side Delay",
              "timedOut": null,
              "duration": 16429,
              "state": "passed",
              "speed": "slow",
              "pass": true,
              "fail": false,
              "pending": false,
              "context": "{\n  \"title\": \"cypress-mochawesome-reporter-videos-passed\",\n  \"value\": \"cypress\\\\e2e\\\\AutomationPlayground\\\\AutomationPlayground.cy.ts\"\n}",
              "code": "cy.contains('Client Side Delay').click();\ncy.get('.btn-primary').click();\ncy.get('.bg-success', { timeout: 20000 }).should('have.text', 'Data calculated on the client side.');",
              "err": {},
              "uuid": "81bb77f7-ae82-41ba-8817-48aa1fbcd3e7",
              "parentUUID": "1e3a24bb-5f20-4236-8267-fce8a0d80086",
              "isHook": false,
              "skipped": false
            },
            {
              "title": "Test07: Click",
              "fullTitle": "Automation Playground Test07: Click",
              "timedOut": null,
              "duration": 1435,
              "state": "passed",
              "speed": "fast",
              "pass": true,
              "fail": false,
              "pending": false,
              "context": "{\n  \"title\": \"cypress-mochawesome-reporter-videos-passed\",\n  \"value\": \"cypress\\\\e2e\\\\AutomationPlayground\\\\AutomationPlayground.cy.ts\"\n}",
              "code": "cy.contains('Click').click();\ncy.get('.btn-primary').click();\ncy.get('.btn-success').should('exist');",
              "err": {},
              "uuid": "77edd7af-6c7a-4e64-a213-dc59ae7467ed",
              "parentUUID": "1e3a24bb-5f20-4236-8267-fce8a0d80086",
              "isHook": false,
              "skipped": false
            },
            {
              "title": "Test08: Text Input",
              "fullTitle": "Automation Playground Test08: Text Input",
              "timedOut": null,
              "duration": 1400,
              "state": "passed",
              "speed": "fast",
              "pass": true,
              "fail": false,
              "pending": false,
              "context": "{\n  \"title\": \"cypress-mochawesome-reporter-videos-passed\",\n  \"value\": \"cypress\\\\e2e\\\\AutomationPlayground\\\\AutomationPlayground.cy.ts\"\n}",
              "code": "cy.contains('Text Input').click();\ncy.get('.form-control').type('KUKU');\ncy.get('.btn-primary').click();\ncy.get('.btn-primary').should('have.text', 'KUKU');",
              "err": {},
              "uuid": "5e4b1b61-c114-474b-9ff8-7d94f35dbd06",
              "parentUUID": "1e3a24bb-5f20-4236-8267-fce8a0d80086",
              "isHook": false,
              "skipped": false
            },
            {
              "title": "Test09: Scrollbars",
              "fullTitle": "Automation Playground Test09: Scrollbars",
              "timedOut": null,
              "duration": 1414,
              "state": "passed",
              "speed": "fast",
              "pass": true,
              "fail": false,
              "pending": false,
              "context": "{\n  \"title\": \"cypress-mochawesome-reporter-videos-passed\",\n  \"value\": \"cypress\\\\e2e\\\\AutomationPlayground\\\\AutomationPlayground.cy.ts\"\n}",
              "code": "cy.contains('Scrollbars').click();\ncy.get('.btn-primary').scrollIntoView().click();",
              "err": {},
              "uuid": "cb29480f-3ced-4238-a222-72b3b9cbcfa2",
              "parentUUID": "1e3a24bb-5f20-4236-8267-fce8a0d80086",
              "isHook": false,
              "skipped": false
            },
            {
              "title": "Test10: Dynamic Table",
              "fullTitle": "Automation Playground Test10: Dynamic Table",
              "timedOut": null,
              "duration": 1069,
              "state": "passed",
              "speed": "fast",
              "pass": true,
              "fail": false,
              "pending": false,
              "context": "{\n  \"title\": \"cypress-mochawesome-reporter-videos-passed\",\n  \"value\": \"cypress\\\\e2e\\\\AutomationPlayground\\\\AutomationPlayground.cy.ts\"\n}",
              "code": "cy.contains('Dynamic Table').click();\n// Locate the Chrome process row\ncy.get('[role=\"row\"]').contains('[role=\"cell\"]', 'Chrome').parents('[role=\"row\"]').as('chromeRow');\n// Get the CPU load value for the Chrome process\ncy.contains('span[role=\"columnheader\"]', 'CPU').invoke('index').then((cpuIndex) => {\n    cy.get('@chromeRow').find('[role=\"cell\"]').eq(cpuIndex).invoke('text').then((cpuValue) => {\n        // Get the value from the yellow label\n        cy.get('.bg-warning').invoke('text').then((expectedValue) => {\n            const expected = expectedValue.split(': ')[1];\n            //Assert The Answer\n            expect(expected.trim()).to.equal(cpuValue.trim());\n        });\n    });\n});",
              "err": {},
              "uuid": "efeb8900-c8fe-4a1d-8470-afe74199e03a",
              "parentUUID": "1e3a24bb-5f20-4236-8267-fce8a0d80086",
              "isHook": false,
              "skipped": false
            },
            {
              "title": "Test11: Verify Text",
              "fullTitle": "Automation Playground Test11: Verify Text",
              "timedOut": null,
              "duration": 1047,
              "state": "passed",
              "speed": "fast",
              "pass": true,
              "fail": false,
              "pending": false,
              "context": "{\n  \"title\": \"cypress-mochawesome-reporter-videos-passed\",\n  \"value\": \"cypress\\\\e2e\\\\AutomationPlayground\\\\AutomationPlayground.cy.ts\"\n}",
              "code": "cy.contains('Verify Text').click();\ncy.xpath(\"//span[normalize-space(.)='Welcome UserName!']\").should('contain', 'Welcome UserName!');",
              "err": {},
              "uuid": "b0643a6b-feac-4d7e-9a4e-fa5e0433f012",
              "parentUUID": "1e3a24bb-5f20-4236-8267-fce8a0d80086",
              "isHook": false,
              "skipped": false
            },
            {
              "title": "Test12: Progress Bar",
              "fullTitle": "Automation Playground Test12: Progress Bar",
              "timedOut": null,
              "duration": 25683,
              "state": "passed",
              "speed": "slow",
              "pass": true,
              "fail": false,
              "pending": false,
              "context": "{\n  \"title\": \"cypress-mochawesome-reporter-videos-passed\",\n  \"value\": \"cypress\\\\e2e\\\\AutomationPlayground\\\\AutomationPlayground.cy.ts\"\n}",
              "code": "cy.contains('Progress Bar').click();\ncy.get('#startButton').click();\ncy.get('#progressBar').contains('75%', { timeout: 25000 }).should('have.text', '75%');\ncy.get('#stopButton').click();",
              "err": {},
              "uuid": "34475e7b-baa4-4eeb-a728-d99d95da2300",
              "parentUUID": "1e3a24bb-5f20-4236-8267-fce8a0d80086",
              "isHook": false,
              "skipped": false
            },
            {
              "title": "Test13: Visibility",
              "fullTitle": "Automation Playground Test13: Visibility",
              "timedOut": null,
              "duration": 1900,
              "state": "passed",
              "speed": "fast",
              "pass": true,
              "fail": false,
              "pending": false,
              "context": "{\n  \"title\": \"cypress-mochawesome-reporter-videos-passed\",\n  \"value\": \"cypress\\\\e2e\\\\AutomationPlayground\\\\AutomationPlayground.cy.ts\"\n}",
              "code": "cy.contains('Visibility').click();\ncy.get('button').as('buttons');\ncy.get('@buttons').should('be.visible');\ncy.get('.btn-primary').click();\ncy.get('@buttons').should('be.visible');",
              "err": {},
              "uuid": "26b354b0-361b-43e2-9d58-c4279aa2adfe",
              "parentUUID": "1e3a24bb-5f20-4236-8267-fce8a0d80086",
              "isHook": false,
              "skipped": false
            },
            {
              "title": "Test14: Sample App",
              "fullTitle": "Automation Playground Test14: Sample App",
              "timedOut": null,
              "duration": 2089,
              "state": "passed",
              "speed": "fast",
              "pass": true,
              "fail": false,
              "pending": false,
              "context": "{\n  \"title\": \"cypress-mochawesome-reporter-videos-passed\",\n  \"value\": \"cypress\\\\e2e\\\\AutomationPlayground\\\\AutomationPlayground.cy.ts\"\n}",
              "code": "cy.contains('Sample App').click();\n//Login Action\nsampleApp.loginAction('Almog81', 'pwd');\nsampleApp.verifyStatus('Welcome, Almog81!');\n//Logout Action\nsampleApp.logoutAction();\n//Fail to login\nsampleApp.loginAction('Almog81', 'KUKU');\nsampleApp.verifyStatus('Invalid username/password');",
              "err": {},
              "uuid": "056b26fc-8c06-4249-aa6a-523062da343f",
              "parentUUID": "1e3a24bb-5f20-4236-8267-fce8a0d80086",
              "isHook": false,
              "skipped": false
            },
            {
              "title": "Test15: Mouse Over",
              "fullTitle": "Automation Playground Test15: Mouse Over",
              "timedOut": null,
              "duration": 1221,
              "state": "passed",
              "speed": "fast",
              "pass": true,
              "fail": false,
              "pending": false,
              "context": "{\n  \"title\": \"cypress-mochawesome-reporter-videos-passed\",\n  \"value\": \"cypress\\\\e2e\\\\AutomationPlayground\\\\AutomationPlayground.cy.ts\"\n}",
              "code": "cy.contains('Mouse Over').click();\ncy.contains('Click me').click();\ncy.contains('Click me').click();\ncy.get('#clickCount').should('have.text', '2');",
              "err": {},
              "uuid": "6aa0ab32-5dea-4b49-acc3-1d57c42ee827",
              "parentUUID": "1e3a24bb-5f20-4236-8267-fce8a0d80086",
              "isHook": false,
              "skipped": false
            },
            {
              "title": "Test16: Non-Breaking Space",
              "fullTitle": "Automation Playground Test16: Non-Breaking Space",
              "timedOut": null,
              "duration": 1191,
              "state": "passed",
              "speed": "fast",
              "pass": true,
              "fail": false,
              "pending": false,
              "context": "{\n  \"title\": \"cypress-mochawesome-reporter-videos-passed\",\n  \"value\": \"cypress\\\\e2e\\\\AutomationPlayground\\\\AutomationPlayground.cy.ts\"\n}",
              "code": "cy.contains('Non-Breaking Space').click();\ncy.xpath('//button[text()=\"My\\u00A0Button\"]').should('be.visible').click();\ncy.contains('My Button').should('be.visible').click();",
              "err": {},
              "uuid": "b051b641-07da-4d12-be32-d9cc400cdd2c",
              "parentUUID": "1e3a24bb-5f20-4236-8267-fce8a0d80086",
              "isHook": false,
              "skipped": false
            },
            {
              "title": "Test17: Overlapped Element",
              "fullTitle": "Automation Playground Test17: Overlapped Element",
              "timedOut": null,
              "duration": 1379,
              "state": "passed",
              "speed": "fast",
              "pass": true,
              "fail": false,
              "pending": false,
              "context": "{\n  \"title\": \"cypress-mochawesome-reporter-videos-passed\",\n  \"value\": \"cypress\\\\e2e\\\\AutomationPlayground\\\\AutomationPlayground.cy.ts\"\n}",
              "code": "cy.contains('Overlapped Element').click();\ncy.get('#id').type('1234');\ncy.get('#name').scrollIntoView().type('KUKU').should('be.visible');",
              "err": {},
              "uuid": "dff3f864-5abc-4bd7-aa30-37e9be928c11",
              "parentUUID": "1e3a24bb-5f20-4236-8267-fce8a0d80086",
              "isHook": false,
              "skipped": false
            },
            {
              "title": "Test18: Shadow DOM",
              "fullTitle": "Automation Playground Test18: Shadow DOM",
              "timedOut": null,
              "duration": 1158,
              "state": "passed",
              "speed": "fast",
              "pass": true,
              "fail": false,
              "pending": false,
              "context": "{\n  \"title\": \"cypress-mochawesome-reporter-videos-passed\",\n  \"value\": \"cypress\\\\e2e\\\\AutomationPlayground\\\\AutomationPlayground.cy.ts\"\n}",
              "code": "cy.contains('Shadow DOM').click();\ncy.get('guid-generator')\n    .shadow()\n    .find('.button-generate')\n    .should('be.enabled')\n    .click();",
              "err": {},
              "uuid": "f980951d-5ed7-4a96-87db-eb4e5f400c54",
              "parentUUID": "1e3a24bb-5f20-4236-8267-fce8a0d80086",
              "isHook": false,
              "skipped": false
            }
          ],
          "suites": [],
          "passes": [
            "ba4bd342-e674-43ec-95a2-393c1e73f40e",
            "85a20245-e7e3-4e94-a083-482caadaa30e",
            "188c9065-ce5b-4f80-b52d-5efbf739e981",
            "18bd0122-6dc8-4a02-a8cb-239ba6a45b67",
            "8d5d4aae-12a4-42d9-b10b-b7bb5aa37bcc",
            "81bb77f7-ae82-41ba-8817-48aa1fbcd3e7",
            "77edd7af-6c7a-4e64-a213-dc59ae7467ed",
            "5e4b1b61-c114-474b-9ff8-7d94f35dbd06",
            "cb29480f-3ced-4238-a222-72b3b9cbcfa2",
            "efeb8900-c8fe-4a1d-8470-afe74199e03a",
            "b0643a6b-feac-4d7e-9a4e-fa5e0433f012",
            "34475e7b-baa4-4eeb-a728-d99d95da2300",
            "26b354b0-361b-43e2-9d58-c4279aa2adfe",
            "056b26fc-8c06-4249-aa6a-523062da343f",
            "6aa0ab32-5dea-4b49-acc3-1d57c42ee827",
            "b051b641-07da-4d12-be32-d9cc400cdd2c",
            "dff3f864-5abc-4bd7-aa30-37e9be928c11",
            "f980951d-5ed7-4a96-87db-eb4e5f400c54"
          ],
          "failures": [],
          "pending": [],
          "skipped": [],
          "duration": 84062,
          "root": false,
          "rootEmpty": false,
          "_timeout": 2000
        }
      ],
      "passes": [],
      "failures": [],
      "pending": [],
      "skipped": [],
      "duration": 0,
      "root": true,
      "rootEmpty": true,
      "_timeout": 2000
    }
  ],
  "meta": {
    "mocha": {
      "version": "7.0.1"
    },
    "mochawesome": {
      "options": {
        "quiet": false,
        "reportFilename": "[name]-[datetime]-[status]",
        "saveHtml": false,
        "saveJson": true,
        "consoleReporter": "spec",
        "useInlineDiffs": false,
        "code": true
      },
      "version": "7.1.3"
    },
    "marge": {
      "options": {
        "charts": true,
        "overwrite": false,
        "html": false,
        "json": true,
        "reportDir": "./cypress/report/mochawesome-report/",
        "reportFilename": "[name]-[datetime]-[status]",
        "timestamp": "longDate"
      },
      "version": "6.2.0"
    }
  }
}