{
  "stats": {
    "suites": 1,
    "tests": 18,
    "passes": 18,
    "pending": 0,
    "failures": 0,
    "start": "2023-06-30T08:36:03.235Z",
    "end": "2023-06-30T08:37:25.825Z",
    "duration": 82590,
    "testsRegistered": 18,
    "passPercent": 100,
    "pendingPercent": 0,
    "other": 0,
    "hasOther": false,
    "skipped": 0,
    "hasSkipped": false
  },
  "results": [
    {
      "uuid": "d960f353-d3fb-437b-a612-71c457f940ba",
      "title": "",
      "fullFile": "cypress\\e2e\\AutomationPlayground\\AutomationPlayground.cy.js",
      "file": "cypress\\e2e\\AutomationPlayground\\AutomationPlayground.cy.js",
      "beforeHooks": [],
      "afterHooks": [],
      "tests": [],
      "suites": [
        {
          "uuid": "b7436ac2-b586-465b-8a4f-c5f55acea791",
          "title": "Automation Playground",
          "fullFile": "",
          "file": "",
          "beforeHooks": [],
          "afterHooks": [],
          "tests": [
            {
              "title": "Test01: Dynamic ID",
              "fullTitle": "Automation Playground Test01: Dynamic ID",
              "timedOut": null,
              "duration": 2122,
              "state": "passed",
              "speed": "fast",
              "pass": true,
              "fail": false,
              "pending": false,
              "context": "{\n  \"title\": \"cypress-mochawesome-reporter-videos-passed\",\n  \"value\": \"cypress\\\\e2e\\\\AutomationPlayground\\\\AutomationPlayground.cy.js\"\n}",
              "code": "cy.contains('Dynamic ID').click();\ncy.get('.btn-primary').should('have.text', 'Button with Dynamic ID');",
              "err": {},
              "uuid": "70de76b5-6e45-489c-bdc1-524fcca971e3",
              "parentUUID": "b7436ac2-b586-465b-8a4f-c5f55acea791",
              "isHook": false,
              "skipped": false
            },
            {
              "title": "Test02: Class Attribute",
              "fullTitle": "Automation Playground Test02: Class Attribute",
              "timedOut": null,
              "duration": 1163,
              "state": "passed",
              "speed": "fast",
              "pass": true,
              "fail": false,
              "pending": false,
              "context": "{\n  \"title\": \"cypress-mochawesome-reporter-videos-passed\",\n  \"value\": \"cypress\\\\e2e\\\\AutomationPlayground\\\\AutomationPlayground.cy.js\"\n}",
              "code": "cy.contains('Class Attribute').click();\ncy.get('.btn-primary').click();\ncy.on('window:alert', text => {\n  expect(text).to.equal('Primary button pressed');\n});",
              "err": {},
              "uuid": "b8d16d66-e902-4e3c-805e-adced22be86c",
              "parentUUID": "b7436ac2-b586-465b-8a4f-c5f55acea791",
              "isHook": false,
              "skipped": false
            },
            {
              "title": "Test03: Hidden Layers",
              "fullTitle": "Automation Playground Test03: Hidden Layers",
              "timedOut": null,
              "duration": 1155,
              "state": "passed",
              "speed": "fast",
              "pass": true,
              "fail": false,
              "pending": false,
              "context": "{\n  \"title\": \"cypress-mochawesome-reporter-videos-passed\",\n  \"value\": \"cypress\\\\e2e\\\\AutomationPlayground\\\\AutomationPlayground.cy.js\"\n}",
              "code": "cy.contains('Hidden Layers').click();\ncy.get('#greenButton').click();\ncy.get('#greenButton').should('not.be', 'isClickable()');",
              "err": {},
              "uuid": "6fe3b1ba-4a28-4641-9ab0-a8ad3b22fd95",
              "parentUUID": "b7436ac2-b586-465b-8a4f-c5f55acea791",
              "isHook": false,
              "skipped": false
            },
            {
              "title": "Test04: Load Delay",
              "fullTitle": "Automation Playground Test04: Load Delay",
              "timedOut": null,
              "duration": 6045,
              "state": "passed",
              "speed": "medium",
              "pass": true,
              "fail": false,
              "pending": false,
              "context": "{\n  \"title\": \"cypress-mochawesome-reporter-videos-passed\",\n  \"value\": \"cypress\\\\e2e\\\\AutomationPlayground\\\\AutomationPlayground.cy.js\"\n}",
              "code": "cy.contains('Load Delay').click();\ncy.get('.btn-primary').should('have.text', 'Button Appearing After Delay');",
              "err": {},
              "uuid": "bc6990cf-b372-4001-85eb-7549fa16bcd5",
              "parentUUID": "b7436ac2-b586-465b-8a4f-c5f55acea791",
              "isHook": false,
              "skipped": false
            },
            {
              "title": "Test05: AJAX Data",
              "fullTitle": "Automation Playground Test05: AJAX Data",
              "timedOut": null,
              "duration": 16431,
              "state": "passed",
              "speed": "slow",
              "pass": true,
              "fail": false,
              "pending": false,
              "context": "{\n  \"title\": \"cypress-mochawesome-reporter-videos-passed\",\n  \"value\": \"cypress\\\\e2e\\\\AutomationPlayground\\\\AutomationPlayground.cy.js\"\n}",
              "code": "cy.contains('AJAX Data').click();\ncy.get('.btn-primary').click();\ncy.get('.bg-success', {\n  timeout: 20000\n}).should('have.text', 'Data loaded with AJAX get request.');",
              "err": {},
              "uuid": "fcc7ff15-0c92-40de-9f6c-624af3bc23d9",
              "parentUUID": "b7436ac2-b586-465b-8a4f-c5f55acea791",
              "isHook": false,
              "skipped": false
            },
            {
              "title": "Test06: Client Side Delay",
              "fullTitle": "Automation Playground Test06: Client Side Delay",
              "timedOut": null,
              "duration": 16361,
              "state": "passed",
              "speed": "slow",
              "pass": true,
              "fail": false,
              "pending": false,
              "context": "{\n  \"title\": \"cypress-mochawesome-reporter-videos-passed\",\n  \"value\": \"cypress\\\\e2e\\\\AutomationPlayground\\\\AutomationPlayground.cy.js\"\n}",
              "code": "cy.contains('Client Side Delay').click();\ncy.get('.btn-primary').click();\ncy.get('.bg-success', {\n  timeout: 20000\n}).should('have.text', 'Data calculated on the client side.');",
              "err": {},
              "uuid": "74d6268d-ecd7-4619-92bb-9ccbb6b2b87c",
              "parentUUID": "b7436ac2-b586-465b-8a4f-c5f55acea791",
              "isHook": false,
              "skipped": false
            },
            {
              "title": "Test07: Click",
              "fullTitle": "Automation Playground Test07: Click",
              "timedOut": null,
              "duration": 1479,
              "state": "passed",
              "speed": "fast",
              "pass": true,
              "fail": false,
              "pending": false,
              "context": "{\n  \"title\": \"cypress-mochawesome-reporter-videos-passed\",\n  \"value\": \"cypress\\\\e2e\\\\AutomationPlayground\\\\AutomationPlayground.cy.js\"\n}",
              "code": "cy.contains('Click').click();\ncy.get('.btn-primary').click();\ncy.get('.btn-success').should('exist');",
              "err": {},
              "uuid": "54ed2258-b6ef-4c5c-858a-cbd61da7de6c",
              "parentUUID": "b7436ac2-b586-465b-8a4f-c5f55acea791",
              "isHook": false,
              "skipped": false
            },
            {
              "title": "Test08: Text Input",
              "fullTitle": "Automation Playground Test08: Text Input",
              "timedOut": null,
              "duration": 1283,
              "state": "passed",
              "speed": "fast",
              "pass": true,
              "fail": false,
              "pending": false,
              "context": "{\n  \"title\": \"cypress-mochawesome-reporter-videos-passed\",\n  \"value\": \"cypress\\\\e2e\\\\AutomationPlayground\\\\AutomationPlayground.cy.js\"\n}",
              "code": "cy.contains('Text Input').click();\ncy.get('.form-control').type('KUKU');\ncy.get('.btn-primary').click();\ncy.get('.btn-primary').should('have.text', 'KUKU');",
              "err": {},
              "uuid": "882c01cd-fb0c-442c-89ee-5062126622f6",
              "parentUUID": "b7436ac2-b586-465b-8a4f-c5f55acea791",
              "isHook": false,
              "skipped": false
            },
            {
              "title": "Test09: Scrollbars",
              "fullTitle": "Automation Playground Test09: Scrollbars",
              "timedOut": null,
              "duration": 1085,
              "state": "passed",
              "speed": "fast",
              "pass": true,
              "fail": false,
              "pending": false,
              "context": "{\n  \"title\": \"cypress-mochawesome-reporter-videos-passed\",\n  \"value\": \"cypress\\\\e2e\\\\AutomationPlayground\\\\AutomationPlayground.cy.js\"\n}",
              "code": "cy.contains('Scrollbars').click();\ncy.get('.btn-primary').scrollIntoView().click();",
              "err": {},
              "uuid": "06161996-1ba8-4212-89a7-782463dc05ae",
              "parentUUID": "b7436ac2-b586-465b-8a4f-c5f55acea791",
              "isHook": false,
              "skipped": false
            },
            {
              "title": "Test10: Dynamic Table",
              "fullTitle": "Automation Playground Test10: Dynamic Table",
              "timedOut": null,
              "duration": 1078,
              "state": "passed",
              "speed": "fast",
              "pass": true,
              "fail": false,
              "pending": false,
              "context": "{\n  \"title\": \"cypress-mochawesome-reporter-videos-passed\",\n  \"value\": \"cypress\\\\e2e\\\\AutomationPlayground\\\\AutomationPlayground.cy.js\"\n}",
              "code": "cy.contains('Dynamic Table').click();\n// Locate the Chrome process row\ncy.get('[role=\"row\"]').contains('[role=\"cell\"]', 'Chrome').parents('[role=\"row\"]').as('chromeRow');\n// Get the CPU load value for the Chrome process\ncy.contains('span[role=\"columnheader\"]', 'CPU').invoke('index').then(cpuIndex => {\n  cy.get('@chromeRow').find('[role=\"cell\"]').eq(cpuIndex).invoke('text').then(cpuValue => {\n    // Get the value from the yellow label\n    cy.get('.bg-warning').invoke('text').then(expectedValue => {\n      const expected = expectedValue.split(': ')[1];\n      //Assert The Answer\n      expect(expected.trim()).to.equal(cpuValue.trim());\n    });\n  });\n});",
              "err": {},
              "uuid": "fb254ff1-6913-48c4-aa48-4147f1440d3e",
              "parentUUID": "b7436ac2-b586-465b-8a4f-c5f55acea791",
              "isHook": false,
              "skipped": false
            },
            {
              "title": "Test11: Verify Text",
              "fullTitle": "Automation Playground Test11: Verify Text",
              "timedOut": null,
              "duration": 1068,
              "state": "passed",
              "speed": "fast",
              "pass": true,
              "fail": false,
              "pending": false,
              "context": "{\n  \"title\": \"cypress-mochawesome-reporter-videos-passed\",\n  \"value\": \"cypress\\\\e2e\\\\AutomationPlayground\\\\AutomationPlayground.cy.js\"\n}",
              "code": "cy.contains('Verify Text').click();\ncy.xpath(\"//span[normalize-space(.)='Welcome UserName!']\").should('contain', 'Welcome UserName!');",
              "err": {},
              "uuid": "0deb9091-46cf-4135-81a6-6e117095b12b",
              "parentUUID": "b7436ac2-b586-465b-8a4f-c5f55acea791",
              "isHook": false,
              "skipped": false
            },
            {
              "title": "Test12: Progress Bar",
              "fullTitle": "Automation Playground Test12: Progress Bar",
              "timedOut": null,
              "duration": 22041,
              "state": "passed",
              "speed": "slow",
              "pass": true,
              "fail": false,
              "pending": false,
              "context": "{\n  \"title\": \"cypress-mochawesome-reporter-videos-passed\",\n  \"value\": \"cypress\\\\e2e\\\\AutomationPlayground\\\\AutomationPlayground.cy.js\"\n}",
              "code": "cy.contains('Progress Bar').click();\ncy.get('#startButton').click();\ncy.get('#progressBar').contains('75%', {\n  timeout: 25000\n}).should('have.text', '75%');\ncy.get('#stopButton').click();",
              "err": {},
              "uuid": "7334a5ad-eda1-4445-8adf-eabdb3a2b5ed",
              "parentUUID": "b7436ac2-b586-465b-8a4f-c5f55acea791",
              "isHook": false,
              "skipped": false
            },
            {
              "title": "Test13: Visibility",
              "fullTitle": "Automation Playground Test13: Visibility",
              "timedOut": null,
              "duration": 1862,
              "state": "passed",
              "speed": "fast",
              "pass": true,
              "fail": false,
              "pending": false,
              "context": "{\n  \"title\": \"cypress-mochawesome-reporter-videos-passed\",\n  \"value\": \"cypress\\\\e2e\\\\AutomationPlayground\\\\AutomationPlayground.cy.js\"\n}",
              "code": "cy.contains('Visibility').click();\ncy.get('button').as('buttons');\ncy.get('@buttons').should('be.visible');\ncy.get('.btn-primary').click();\ncy.get('@buttons').should('be.visible');",
              "err": {},
              "uuid": "b5b48724-2a51-4c34-85c7-3e707d50b483",
              "parentUUID": "b7436ac2-b586-465b-8a4f-c5f55acea791",
              "isHook": false,
              "skipped": false
            },
            {
              "title": "Test14: Sample App",
              "fullTitle": "Automation Playground Test14: Sample App",
              "timedOut": null,
              "duration": 2047,
              "state": "passed",
              "speed": "fast",
              "pass": true,
              "fail": false,
              "pending": false,
              "context": "{\n  \"title\": \"cypress-mochawesome-reporter-videos-passed\",\n  \"value\": \"cypress\\\\e2e\\\\AutomationPlayground\\\\AutomationPlayground.cy.js\"\n}",
              "code": "cy.contains('Sample App').click();\n//Login Action\nsampleApp.loginAction('Almog81', 'pwd');\nsampleApp.verifyStatus('Welcome, Almog81!');\n//Logout Action\nsampleApp.logoutAction();\n//Fail to login\nsampleApp.loginAction('Almog81', 'KUKU');\nsampleApp.verifyStatus('Invalid username/password');",
              "err": {},
              "uuid": "350c4d4c-47a9-43a9-86cc-cae86171c932",
              "parentUUID": "b7436ac2-b586-465b-8a4f-c5f55acea791",
              "isHook": false,
              "skipped": false
            },
            {
              "title": "Test15: Mouse Over",
              "fullTitle": "Automation Playground Test15: Mouse Over",
              "timedOut": null,
              "duration": 1174,
              "state": "passed",
              "speed": "fast",
              "pass": true,
              "fail": false,
              "pending": false,
              "context": "{\n  \"title\": \"cypress-mochawesome-reporter-videos-passed\",\n  \"value\": \"cypress\\\\e2e\\\\AutomationPlayground\\\\AutomationPlayground.cy.js\"\n}",
              "code": "cy.contains('Mouse Over').click();\ncy.contains('Click me').click();\ncy.contains('Click me').click();\ncy.get('#clickCount').should('have.text', '2');",
              "err": {},
              "uuid": "8e8dfbb5-6b8a-494b-a0fb-79e634c29fa1",
              "parentUUID": "b7436ac2-b586-465b-8a4f-c5f55acea791",
              "isHook": false,
              "skipped": false
            },
            {
              "title": "Test16: Non-Breaking Space",
              "fullTitle": "Automation Playground Test16: Non-Breaking Space",
              "timedOut": null,
              "duration": 1221,
              "state": "passed",
              "speed": "fast",
              "pass": true,
              "fail": false,
              "pending": false,
              "context": "{\n  \"title\": \"cypress-mochawesome-reporter-videos-passed\",\n  \"value\": \"cypress\\\\e2e\\\\AutomationPlayground\\\\AutomationPlayground.cy.js\"\n}",
              "code": "cy.contains('Non-Breaking Space').click();\ncy.xpath('//button[text()=\"My\\u00A0Button\"]').should('be.visible').click();\ncy.contains('My Button').should('be.visible').click();",
              "err": {},
              "uuid": "e6682bd8-733c-4ef2-a572-c5a3b0aa4004",
              "parentUUID": "b7436ac2-b586-465b-8a4f-c5f55acea791",
              "isHook": false,
              "skipped": false
            },
            {
              "title": "Test17: Overlapped Element",
              "fullTitle": "Automation Playground Test17: Overlapped Element",
              "timedOut": null,
              "duration": 1403,
              "state": "passed",
              "speed": "fast",
              "pass": true,
              "fail": false,
              "pending": false,
              "context": "{\n  \"title\": \"cypress-mochawesome-reporter-videos-passed\",\n  \"value\": \"cypress\\\\e2e\\\\AutomationPlayground\\\\AutomationPlayground.cy.js\"\n}",
              "code": "cy.contains('Overlapped Element').click();\ncy.get('#id').type('1234');\ncy.get('#name').scrollIntoView().type('KUKU').should('be.visible');",
              "err": {},
              "uuid": "34ca07f9-834d-4d07-9ffa-d61c4807dd14",
              "parentUUID": "b7436ac2-b586-465b-8a4f-c5f55acea791",
              "isHook": false,
              "skipped": false
            },
            {
              "title": "Test18: Shadow DOM",
              "fullTitle": "Automation Playground Test18: Shadow DOM",
              "timedOut": null,
              "duration": 1115,
              "state": "passed",
              "speed": "fast",
              "pass": true,
              "fail": false,
              "pending": false,
              "context": "{\n  \"title\": \"cypress-mochawesome-reporter-videos-passed\",\n  \"value\": \"cypress\\\\e2e\\\\AutomationPlayground\\\\AutomationPlayground.cy.js\"\n}",
              "code": "cy.contains('Shadow DOM').click();\ncy.get('guid-generator').shadow().find('.button-generate').should('be.enabled').click();",
              "err": {},
              "uuid": "d05107d9-957d-4bee-9c29-f5cb1994651e",
              "parentUUID": "b7436ac2-b586-465b-8a4f-c5f55acea791",
              "isHook": false,
              "skipped": false
            }
          ],
          "suites": [],
          "passes": [
            "70de76b5-6e45-489c-bdc1-524fcca971e3",
            "b8d16d66-e902-4e3c-805e-adced22be86c",
            "6fe3b1ba-4a28-4641-9ab0-a8ad3b22fd95",
            "bc6990cf-b372-4001-85eb-7549fa16bcd5",
            "fcc7ff15-0c92-40de-9f6c-624af3bc23d9",
            "74d6268d-ecd7-4619-92bb-9ccbb6b2b87c",
            "54ed2258-b6ef-4c5c-858a-cbd61da7de6c",
            "882c01cd-fb0c-442c-89ee-5062126622f6",
            "06161996-1ba8-4212-89a7-782463dc05ae",
            "fb254ff1-6913-48c4-aa48-4147f1440d3e",
            "0deb9091-46cf-4135-81a6-6e117095b12b",
            "7334a5ad-eda1-4445-8adf-eabdb3a2b5ed",
            "b5b48724-2a51-4c34-85c7-3e707d50b483",
            "350c4d4c-47a9-43a9-86cc-cae86171c932",
            "8e8dfbb5-6b8a-494b-a0fb-79e634c29fa1",
            "e6682bd8-733c-4ef2-a572-c5a3b0aa4004",
            "34ca07f9-834d-4d07-9ffa-d61c4807dd14",
            "d05107d9-957d-4bee-9c29-f5cb1994651e"
          ],
          "failures": [],
          "pending": [],
          "skipped": [],
          "duration": 80133,
          "root": false,
          "rootEmpty": false,
          "_timeout": 2000
        }
      ],
      "passes": [],
      "failures": [],
      "pending": [],
      "skipped": [],
      "duration": 0,
      "root": true,
      "rootEmpty": true,
      "_timeout": 2000
    }
  ],
  "meta": {
    "mocha": {
      "version": "7.0.1"
    },
    "mochawesome": {
      "options": {
        "quiet": false,
        "reportFilename": "[name]-[datetime]-[status]",
        "saveHtml": false,
        "saveJson": true,
        "consoleReporter": "spec",
        "useInlineDiffs": false,
        "code": true
      },
      "version": "7.1.3"
    },
    "marge": {
      "options": {
        "charts": true,
        "overwrite": false,
        "html": false,
        "json": true,
        "reportDir": "./cypress/report/mochawesome-report/",
        "reportFilename": "[name]-[datetime]-[status]",
        "timestamp": "longDate"
      },
      "version": "6.2.0"
    }
  }
}