{
  "stats": {
    "suites": 1,
    "tests": 2,
    "passes": 2,
    "pending": 0,
    "failures": 0,
    "start": "2023-06-30T08:39:13.838Z",
    "end": "2023-06-30T08:39:23.417Z",
    "duration": 9579,
    "testsRegistered": 2,
    "passPercent": 100,
    "pendingPercent": 0,
    "other": 0,
    "hasOther": false,
    "skipped": 0,
    "hasSkipped": false
  },
  "results": [
    {
      "uuid": "d345c57e-a7a4-40f5-86b0-730f154c3edd",
      "title": "",
      "fullFile": "cypress\\e2e\\orangeHRM\\LoginTest.cy.ts",
      "file": "cypress\\e2e\\orangeHRM\\LoginTest.cy.ts",
      "beforeHooks": [],
      "afterHooks": [],
      "tests": [],
      "suites": [
        {
          "uuid": "b6d776c9-29e3-4c55-bb72-14f387ab9912",
          "title": "Login Test",
          "fullFile": "",
          "file": "",
          "beforeHooks": [],
          "afterHooks": [],
          "tests": [
            {
              "title": "Successfully login",
              "fullTitle": "Login Test Successfully login",
              "timedOut": null,
              "duration": 4338,
              "state": "passed",
              "speed": "fast",
              "pass": true,
              "fail": false,
              "pending": false,
              "context": "{\n  \"title\": \"cypress-mochawesome-reporter-videos-passed\",\n  \"value\": \"cypress\\\\e2e\\\\orangeHRM\\\\LoginTest.cy.ts\"\n}",
              "code": "loginPage.loginAction('admin', 'admin123');\ncy.get(menuPage.pageName).should('contain', 'Dashboard');",
              "err": {},
              "uuid": "5aa23b7f-1753-4aee-be57-b4f59dd772e7",
              "parentUUID": "b6d776c9-29e3-4c55-bb72-14f387ab9912",
              "isHook": false,
              "skipped": false
            },
            {
              "title": "Fail to login",
              "fullTitle": "Login Test Fail to login",
              "timedOut": null,
              "duration": 2653,
              "state": "passed",
              "speed": "fast",
              "pass": true,
              "fail": false,
              "pending": false,
              "context": "{\n  \"title\": \"cypress-mochawesome-reporter-videos-passed\",\n  \"value\": \"cypress\\\\e2e\\\\orangeHRM\\\\LoginTest.cy.ts\"\n}",
              "code": "loginPage.loginAction('kuku', 'LOLO');\nloginPage.verifyAlertMessage('Invalid credentials');",
              "err": {},
              "uuid": "ce11b27a-0d00-445d-9288-1ebb6d2db833",
              "parentUUID": "b6d776c9-29e3-4c55-bb72-14f387ab9912",
              "isHook": false,
              "skipped": false
            }
          ],
          "suites": [],
          "passes": [
            "5aa23b7f-1753-4aee-be57-b4f59dd772e7",
            "ce11b27a-0d00-445d-9288-1ebb6d2db833"
          ],
          "failures": [],
          "pending": [],
          "skipped": [],
          "duration": 6991,
          "root": false,
          "rootEmpty": false,
          "_timeout": 2000
        }
      ],
      "passes": [],
      "failures": [],
      "pending": [],
      "skipped": [],
      "duration": 0,
      "root": true,
      "rootEmpty": true,
      "_timeout": 2000
    }
  ],
  "meta": {
    "mocha": {
      "version": "7.0.1"
    },
    "mochawesome": {
      "options": {
        "quiet": false,
        "reportFilename": "[name]-[datetime]-[status]",
        "saveHtml": false,
        "saveJson": true,
        "consoleReporter": "spec",
        "useInlineDiffs": false,
        "code": true
      },
      "version": "7.1.3"
    },
    "marge": {
      "options": {
        "charts": true,
        "overwrite": false,
        "html": false,
        "json": true,
        "reportDir": "./cypress/report/mochawesome-report/",
        "reportFilename": "[name]-[datetime]-[status]",
        "timestamp": "longDate"
      },
      "version": "6.2.0"
    }
  }
}